1 data/day00001/lstack_6J.1007.DPZ_6J.1259.DPZ.rsf.sac 2.555586 data/day00001/gstack_6J.1007.DPZ_6J.1259.DPZ.rsf.sac 0.970899
2 data/day00002/lstack_6J.1007.DPZ_6J.1259.DPZ.rsf.sac 16.753680 data/day00002/gstack_6J.1007.DPZ_6J.1259.DPZ.rsf.sac 1.326624
3 data/day00003/lstack_6J.1007.DPZ_6J.1259.DPZ.rsf.sac 10.591042 data/day00003/gstack_6J.1007.DPZ_6J.1259.DPZ.rsf.sac 1.289395
4 data/day00004/lstack_6J.1007.DPZ_6J.1259.DPZ.rsf.sac 22.062790 data/day00004/gstack_6J.1007.DPZ_6J.1259.DPZ.rsf.sac 1.324904
5 data/day00005/lstack_6J.1007.DPZ_6J.1259.DPZ.rsf.sac 22.131661 data/day00005/gstack_6J.1007.DPZ_6J.1259.DPZ.rsf.sac 1.589943
6 data/day00006/lstack_6J.1007.DPZ_6J.1259.DPZ.rsf.sac 11.772054 data/day00006/gstack_6J.1007.DPZ_6J.1259.DPZ.rsf.sac 1.387075
7 data/day00007/lstack_6J.1007.DPZ_6J.1259.DPZ.rsf.sac 6.151340 data/day00007/gstack_6J.1007.DPZ_6J.1259.DPZ.rsf.sac 1.635706
8 data/day00008/lstack_6J.1007.DPZ_6J.1259.DPZ.rsf.sac 15.039965 data/day00008/gstack_6J.1007.DPZ_6J.1259.DPZ.rsf.sac 1.474737
9 data/day00009/lstack_6J.1007.DPZ_6J.1259.DPZ.rsf.sac 9.847058 data/day00009/gstack_6J.1007.DPZ_6J.1259.DPZ.rsf.sac 1.273440
10 data/day00010/lstack_6J.1007.DPZ_6J.1259.DPZ.rsf.sac 11.505538 data/day00010/gstack_6J.1007.DPZ_6J.1259.DPZ.rsf.sac 1.316687
11 data/day00011/lstack_6J.1007.DPZ_6J.1259.DPZ.rsf.sac 10.784760 data/day00011/gstack_6J.1007.DPZ_6J.1259.DPZ.rsf.sac 1.268109
12 data/day00012/lstack_6J.1007.DPZ_6J.1259.DPZ.rsf.sac 5.895236 data/day00012/gstack_6J.1007.DPZ_6J.1259.DPZ.rsf.sac 1.189794
13 data/day00013/lstack_6J.1007.DPZ_6J.1259.DPZ.rsf.sac 9.314438 data/day00013/gstack_6J.1007.DPZ_6J.1259.DPZ.rsf.sac 1.186726
14 data/day00014/lstack_6J.1007.DPZ_6J.1259.DPZ.rsf.sac 25.034237 data/day00014/gstack_6J.1007.DPZ_6J.1259.DPZ.rsf.sac 1.445116
15 data/day00015/lstack_6J.1007.DPZ_6J.1259.DPZ.rsf.sac 15.079637 data/day00015/gstack_6J.1007.DPZ_6J.1259.DPZ.rsf.sac 1.537657
16 data/day00016/lstack_6J.1007.DPZ_6J.1259.DPZ.rsf.sac 10.395989 data/day00016/gstack_6J.1007.DPZ_6J.1259.DPZ.rsf.sac 1.430085
17 data/day00017/lstack_6J.1007.DPZ_6J.1259.DPZ.rsf.sac 14.002924 data/day00017/gstack_6J.1007.DPZ_6J.1259.DPZ.rsf.sac 1.571108
18 data/day00018/lstack_6J.1007.DPZ_6J.1259.DPZ.rsf.sac 14.621818 data/day00018/gstack_6J.1007.DPZ_6J.1259.DPZ.rsf.sac 1.329184
19 data/day00019/lstack_6J.1007.DPZ_6J.1259.DPZ.rsf.sac 19.276690 data/day00019/gstack_6J.1007.DPZ_6J.1259.DPZ.rsf.sac 1.453654
20 data/day00020/lstack_6J.1007.DPZ_6J.1259.DPZ.rsf.sac 7.336178 data/day00020/gstack_6J.1007.DPZ_6J.1259.DPZ.rsf.sac 1.282794
21 data/day00021/lstack_6J.1007.DPZ_6J.1259.DPZ.rsf.sac 11.841058 data/day00021/gstack_6J.1007.DPZ_6J.1259.DPZ.rsf.sac 1.311752
22 data/day00022/lstack_6J.1007.DPZ_6J.1259.DPZ.rsf.sac 10.087759 data/day00022/gstack_6J.1007.DPZ_6J.1259.DPZ.rsf.sac 1.528503
23 data/day00023/lstack_6J.1007.DPZ_6J.1259.DPZ.rsf.sac 13.711371 data/day00023/gstack_6J.1007.DPZ_6J.1259.DPZ.rsf.sac 1.656000
24 data/day00024/lstack_6J.1007.DPZ_6J.1259.DPZ.rsf.sac 14.161266 data/day00024/gstack_6J.1007.DPZ_6J.1259.DPZ.rsf.sac 1.713527
25 data/day00025/lstack_6J.1007.DPZ_6J.1259.DPZ.rsf.sac 10.981723 data/day00025/gstack_6J.1007.DPZ_6J.1259.DPZ.rsf.sac 1.258558
26 data/day00026/lstack_6J.1007.DPZ_6J.1259.DPZ.rsf.sac 30.746023 data/day00026/gstack_6J.1007.DPZ_6J.1259.DPZ.rsf.sac 1.566764
27 data/day00027/lstack_6J.1007.DPZ_6J.1259.DPZ.rsf.sac 26.306384 data/day00027/gstack_6J.1007.DPZ_6J.1259.DPZ.rsf.sac 1.602912
28 data/day00028/lstack_6J.1007.DPZ_6J.1259.DPZ.rsf.sac 38.047252 data/day00028/gstack_6J.1007.DPZ_6J.1259.DPZ.rsf.sac 1.608236
29 data/day00029/lstack_6J.1007.DPZ_6J.1259.DPZ.rsf.sac 12.059313 data/day00029/gstack_6J.1007.DPZ_6J.1259.DPZ.rsf.sac 1.531203
30 data/day00030/lstack_6J.1007.DPZ_6J.1259.DPZ.rsf.sac 24.452256 data/day00030/gstack_6J.1007.DPZ_6J.1259.DPZ.rsf.sac 1.441793
